[INFO]  JReleaser 1.0.0
------------------------------------------------------------
jreleaser 1.0.0
------------------------------------------------------------
Build time:   2022-04-10 05:08:30Z
Revision:     7f1d20795da6d9d3498914857a36ce361c3cc9c0
------------------------------------------------------------
[INFO]  Configuring with jreleaser.yml
[INFO]    - basedir set to /Users/ahmedsaheed/Desktop/Desktop/quranCLI
[INFO]  Reading configuration
[DEBUG]   - baseOutputDirectory set to /Users/ahmedsaheed/Desktop/Desktop/quranCLI/out
[DEBUG]   - outputDirectory set to /Users/ahmedsaheed/Desktop/Desktop/quranCLI/out/jreleaser
[DEBUG]   - checksumDirectory set to /Users/ahmedsaheed/Desktop/Desktop/quranCLI/out/jreleaser/checksums
[DEBUG]   - signaturesDirectory set to /Users/ahmedsaheed/Desktop/Desktop/quranCLI/out/jreleaser/signatures
[DEBUG]   - prepareDirectory set to /Users/ahmedsaheed/Desktop/Desktop/quranCLI/out/jreleaser/prepare
[DEBUG]   - packageDirectory set to /Users/ahmedsaheed/Desktop/Desktop/quranCLI/out/jreleaser/package
[DEBUG]   - assembleDirectory set to /Users/ahmedsaheed/Desktop/Desktop/quranCLI/out/jreleaser/assemble
[DEBUG]   - artifactsDirectory set to /Users/ahmedsaheed/Desktop/Desktop/quranCLI/out/jreleaser/artifacts
[INFO]  Loading variables from /Users/ahmedsaheed/.jreleaser/config.properties
[INFO]  Validating configuration
[DEBUG] adjusting distributions with assemblies
[DEBUG]   [validation] project
[DEBUG]   [validation] assemble
[DEBUG]   [validation] archive
[DEBUG]   [validation] jlink
[DEBUG]   [validation] jpackage
[DEBUG]   [validation] nativeImage
[DEBUG]   [validation] release
[DEBUG]   [validation] release.github
[DEBUG]   [validation] checksum
[DEBUG]   [validation] upload
[DEBUG]   [validation] artifactory
[DEBUG]   [validation] http
[DEBUG]   [validation] s3
[DEBUG]   [validation] project
[DEBUG]   [validation] assemble
[DEBUG]   [validation] jpackage
[DEBUG]   [resolution] assemble
[DEBUG]   [resolution] archive
[DEBUG]   [resolution] jlink
[DEBUG]   [resolution] jpackage
[DEBUG]   [resolution] nativeImage
[DEBUG]   [validation] project
[DEBUG]   [validation] project.java
[DEBUG]   [validation] assemble
[DEBUG]   [validation] archive
[DEBUG]   [validation] jlink
[DEBUG]   [validation] jpackage
[DEBUG]   [validation] nativeImage
[DEBUG]   [validation] signing
[DEBUG]   [validation] release
[DEBUG]   [validation] release.github
[DEBUG]   [validation] checksum
[DEBUG]   [validation] upload
[DEBUG]   [validation] artifactory
[DEBUG]   [validation] http
[DEBUG]   [validation] s3
[DEBUG]   [validation] packagers
[DEBUG]   [validation] distributions
[DEBUG]   [validation] distribution.app
[DEBUG]   [validation] distribution.app.java
[DEBUG]   [validation] files
[DEBUG]   [validation] announce
[DEBUG]   [validation] announce.webhooks
[DEBUG]   [validation] project
[DEBUG]   [validation] assemble
[DEBUG]   [validation] jpackage
[DEBUG]   [validation] distributions
[DEBUG]   [validation] distribution.app
environment:
 
project:
    name: app
    version: 1.0.0-SNAPSHOT
    versionPattern: semver
    snapshot:
        enabled: true
        pattern: .*-SNAPSHOT
        label: early-access
        fullChangelog: false
    description: Awesome App
    longDescription: Awesome App
    website: https://acme.com/app
    docsUrl: https://acme.com/app
    license: Apache-2
    copyright: 2022 Duke
    authors:
        Duke
    extraProperties:
        projectInceptionYear: 2022
        projectVersionMajor: 1
        projectVersionMinor: 0
        projectVersionPatch: 0
        projectVersionNumber: 1.0.0
        projectVersionTag: SNAPSHOT
        projectVersionWithUnderscores: 1_0_0_SNAPSHOT
        projectVersionWithDashes: 1-0-0-SNAPSHOT
        projectVersionNumberWithUnderscores: 1_0_0
        projectVersionNumberWithDashes: 1-0-0
        projectEffectiveVersionWithUnderscores: early_access
        projectEffectiveVersionWithDashes: early-access
    java:
        enabled: true
        version: 8
        groupId: com.acme
        artifactId: app
        multiProject: false
 
platform:
 
release:
    github:
        enabled: true
        host: github.com
        owner: duke
        name: cmdWithJava
        username: duke
        token: ************
        artifacts: true
        files: true
        checksums: true
        signatures: true
        repoUrl: https://{{repoHost}}/{{repoOwner}}/{{repoName}}
        repoCloneUrl: https://{{repoHost}}/{{repoOwner}}/{{repoName}}.git
        commitUrl: https://{{repoHost}}/{{repoOwner}}/{{repoName}}/commits
        srcUrl: https://{{repoHost}}/{{repoOwner}}/{{repoName}}/blob/{{repoBranch}}
        downloadUrl: https://{{repoHost}}/{{repoOwner}}/{{repoName}}/releases/download/{{tagName}}/{{artifactFile}}
        releaseNotesUrl: https://{{repoHost}}/{{repoOwner}}/{{repoName}}/releases/tag/{{tagName}}
        latestReleaseUrl: https://{{repoHost}}/{{repoOwner}}/{{repoName}}/releases/latest
        issueTrackerUrl: https://{{repoHost}}/{{repoOwner}}/{{repoName}}/issues
        tagName: v{{projectVersion}}
        releaseName: Release {{tagName}}
        branch: main
        commitAuthor:
            name: jreleaserbot
            email: jreleaser@kordamp.org
        sign: false
        skipTag: false
        skipRelease: false
        overwrite: true
        update:
            enabled: false
        apiEndpoint: https://api.github.com
        connectTimeout: 20
        readTimeout: 60
        changelog:
            enabled: true
            links: false
            sort: DESC
            formatted: never
            hide:
                uncategorized: false
            contributors:
        milestone:
            name: {{tagName}}
            close: true
        prerelease:
            enabled: true
        draft: false
 
checksum:
    name: checksums.txt
    individual: false
    algorithms:
        SHA_256
    files: true
 
signing:
    enabled: false
    active: never
    armored: false
    artifacts: true
    files: true
    checksums: true
    passphrase: **unset**
    publicKey: **unset**
    secretKey: **unset**
 
announce:
    enabled: false
    article:
        enabled: false
        active: never
        connectTimeout: 0
        readTimeout: 0
        commitAuthor:
        repository:
            enabled: false
            name: article
            token: **unset**
    discord:
        enabled: false
        active: never
        connectTimeout: 0
        readTimeout: 0
        webhook: **unset**
    discussions:
        enabled: false
        active: never
        connectTimeout: 0
        readTimeout: 0
    gitter:
        enabled: false
        active: never
        connectTimeout: 0
        readTimeout: 0
        webhook: **unset**
    googlechat:
        enabled: false
        active: never
        connectTimeout: 0
        readTimeout: 0
        webhook: **unset**
    mail:
        enabled: false
        active: never
        connectTimeout: 0
        readTimeout: 0
        auth: false
        password: **unset**
    mastodon:
        enabled: false
        active: never
        connectTimeout: 0
        readTimeout: 0
        accessToken: **unset**
    mattermost:
        enabled: false
        active: never
        connectTimeout: 0
        readTimeout: 0
        webhook: **unset**
    sdkman:
        enabled: false
        active: never
        connectTimeout: 0
        readTimeout: 0
        consumerKey: **unset**
        consumerToken: **unset**
        extraProperties:
            sdkman__MAGIC_SET__: true
    slack:
        enabled: false
        active: never
        connectTimeout: 0
        readTimeout: 0
        webhook: **unset**
        token: **unset**
    teams:
        enabled: false
        active: never
        connectTimeout: 0
        readTimeout: 0
        webhook: **unset**
    telegram:
        enabled: false
        active: never
        connectTimeout: 0
        readTimeout: 0
        token: **unset**
        chatId: **unset**
    twitter:
        enabled: false
        active: never
        connectTimeout: 0
        readTimeout: 0
        consumerKey: **unset**
        consumerSecret: **unset**
        accessToken: **unset**
        accessTokenSecret: **unset**
    zulip:
        enabled: false
        active: never
        connectTimeout: 0
        readTimeout: 0
        apiKey: **unset**
 
packagers:
    brew:
        enabled: false
        active: never
        continueOnError: false
        commitAuthor:
            name: jreleaserbot
            email: jreleaser@kordamp.org
        multiPlatform: false
        tap:
            enabled: false
            active: release
            owner: duke
            name: homebrew-tap
            tagName: v{{projectVersion}}
            branch: HEAD
            username: duke
            token: ************
        cask:
            enabled: false
    chocolatey:
        enabled: false
        active: never
        continueOnError: false
        commitAuthor:
            name: jreleaserbot
            email: jreleaser@kordamp.org
        apiKey: **unset**
        remoteBuild: false
        bucket:
            enabled: false
            active: release
            owner: duke
            name: chocolatey-bucket
            tagName: v{{projectVersion}}
            branch: HEAD
            username: duke
            token: ************
    docker:
        enabled: false
        active: never
        useLocalArtifact: true
        commitAuthor:
            name: jreleaserbot
            email: jreleaser@kordamp.org
        repository:
            enabled: false
            active: release
            owner: duke
            name: docker
            tagName: v{{projectVersion}}
            branch: HEAD
            username: duke
            token: ************
            versionedSubfolders: false
        continueOnError: false
    gofish:
        enabled: false
        active: never
        continueOnError: false
        commitAuthor:
            name: jreleaserbot
            email: jreleaser@kordamp.org
        repository:
            enabled: false
            active: release
            owner: duke
            name: duke-fish-food
            tagName: v{{projectVersion}}
            branch: HEAD
            username: duke
            token: ************
    jbang:
        enabled: false
        active: never
        continueOnError: false
        commitAuthor:
            name: jreleaserbot
            email: jreleaser@kordamp.org
        catalog:
            enabled: false
            active: release
            owner: duke
            name: jbang-catalog
            tagName: v{{projectVersion}}
            branch: HEAD
            username: duke
            token: ************
    macports:
        enabled: false
        active: never
        continueOnError: false
        commitAuthor:
            name: jreleaserbot
            email: jreleaser@kordamp.org
        repository:
            enabled: false
            active: release
            owner: duke
            name: macports
            tagName: v{{projectVersion}}
            branch: HEAD
            username: duke
            token: ************
    scoop:
        enabled: false
        active: never
        continueOnError: false
        commitAuthor:
            name: jreleaserbot
            email: jreleaser@kordamp.org
        bucket:
            enabled: false
            active: release
            owner: duke
            name: scoop-duke
            tagName: v{{projectVersion}}
            branch: HEAD
            username: duke
            token: ************
    sdkman:
        enabled: false
        active: never
        continueOnError: false
        connectTimeout: 20
        readTimeout: 60
        consumerKey: **unset**
        consumerToken: **unset**
    snap:
        enabled: false
        active: never
        continueOnError: false
        commitAuthor:
            name: jreleaserbot
            email: jreleaser@kordamp.org
        base: core20
        grade: stable
        confinement: strict
        remoteBuild: false
        snap:
            enabled: false
            active: release
            owner: duke
            name: snap
            tagName: v{{projectVersion}}
            branch: HEAD
            username: duke
            token: ************
    spec:
        enabled: false
        active: never
        continueOnError: false
        commitAuthor:
            name: jreleaserbot
            email: jreleaser@kordamp.org
        repository:
            enabled: false
            active: release
            owner: duke
            name: duke-spec
            tagName: v{{projectVersion}}
            branch: HEAD
            username: duke
            token: ************
 
assemble:
    enabled: false
 
upload:
    enabled: false
 
distributions:
    app:
        enabled: true
        active: always
        type: JAVA_BINARY
        executable:
            name: app
            windowsExtension: bat
        platform:
        artifacts:
            artifact 0:
                path: path/to/{{distributionName}}-{{projectVersion}}.zip
        java:
            enabled: true
            version: 8
            groupId: com.acme
            artifactId: app
            multiProject: false
        brew:
            enabled: false
            active: never
            continueOnError: false
            commitAuthor:
            multiPlatform: false
            tap:
                enabled: false
                name: homebrew-tap
                token: **unset**
            cask:
                enabled: false
        chocolatey:
            enabled: false
            active: never
            continueOnError: false
            commitAuthor:
            apiKey: **unset**
            remoteBuild: false
            bucket:
                enabled: false
                name: chocolatey-bucket
                token: **unset**
        docker:
            enabled: false
            active: never
            useLocalArtifact: true
            commitAuthor:
            repository:
                enabled: false
                name: docker
                token: **unset**
                versionedSubfolders: false
            continueOnError: false
        gofish:
            enabled: false
            active: never
            continueOnError: false
            commitAuthor:
            repository:
                enabled: false
                name: fish-food
                token: **unset**
        jbang:
            enabled: false
            active: never
            continueOnError: false
            commitAuthor:
            catalog:
                enabled: false
                name: jbang-catalog
                token: **unset**
        macports:
            enabled: false
            active: never
            continueOnError: false
            commitAuthor:
            repository:
                enabled: false
                name: macports
                token: **unset**
        scoop:
            enabled: false
            active: never
            continueOnError: false
            commitAuthor:
            bucket:
                enabled: false
                name: scoop
                token: **unset**
        sdkman:
            enabled: false
            active: never
            continueOnError: false
            connectTimeout: 0
            readTimeout: 0
            consumerKey: **unset**
            consumerToken: **unset**
        snap:
            enabled: false
            active: never
            continueOnError: false
            commitAuthor:
            base: core20
            grade: stable
            confinement: strict
            remoteBuild: false
            snap:
                enabled: false
                name: snap
                token: **unset**
        spec:
            enabled: false
            active: never
            continueOnError: false
            commitAuthor:
            repository:
                enabled: false
                name: spec
                token: **unset**
 
[INFO]  Project version set to 1.0.0-SNAPSHOT
[INFO]  Release is snapshot
[INFO]  Timestamp is 2022-06-28T03:39:42.529644+01:00
[INFO]  HEAD is at 236bc17
[INFO]  Platform is osx-x86_64
[INFO]  Writing output properties to out/jreleaser/output.properties
